0 info it worked if it ends with ok
1 verbose cli [
1 verbose cli   'C:\\Program Files\\nodejs\\node.exe',
1 verbose cli   'C:\\Program Files\\nodejs\\node_modules\\npm\\bin\\npm-cli.js',
1 verbose cli   'install',
1 verbose cli   '--save',
1 verbose cli   'react-native-progress-circlenpm',
1 verbose cli   'install',
1 verbose cli   '--save',
1 verbose cli   'react-native-progress-circle'
1 verbose cli ]
2 info using npm@6.14.6
3 info using node@v12.18.3
4 verbose npm-session 91deb4dbad6f9203
5 silly install loadCurrentTree
6 silly install readLocalPackageData
7 http fetch GET 200 https://registry.npmjs.org/install 4694ms
8 http fetch GET 404 https://registry.npmjs.org/react-native-progress-circlenpm 7500ms
9 http fetch GET 404 https://registry.npmjs.org/react-native-progress-circlenpm 934ms
10 silly fetchPackageMetaData error for react-native-progress-circlenpm@latest 404 Not Found - GET https://registry.npmjs.org/react-native-progress-circlenpm - Not found
11 http fetch GET 200 https://registry.npmjs.org/install/-/install-0.13.0.tgz 3770ms
12 http fetch GET 200 https://registry.npmjs.org/react-native-progress-circle 8671ms
13 silly pacote tag manifest for install@latest fetched in 8862ms
14 http fetch GET 200 https://registry.npmjs.org/react-native-progress-circle/-/react-native-progress-circle-2.1.0.tgz 438ms
15 silly pacote tag manifest for react-native-progress-circle@latest fetched in 9148ms
16 timing stage:rollbackFailedOptional Completed in 1ms
17 timing stage:runTopLevelLifecycles Completed in 101196ms
18 verbose stack Error: 404 Not Found - GET https://registry.npmjs.org/react-native-progress-circlenpm - Not found
18 verbose stack     at C:\Program Files\nodejs\node_modules\npm\node_modules\npm-registry-fetch\check-response.js:114:15
18 verbose stack     at processTicksAndRejections (internal/process/task_queues.js:97:5)
19 verbose statusCode 404
20 verbose pkgid react-native-progress-circlenpm@latest
21 verbose cwd C:\RN Workspace\covidApp
22 verbose Windows_NT 10.0.18363
23 verbose argv "C:\\Program Files\\nodejs\\node.exe" "C:\\Program Files\\nodejs\\node_modules\\npm\\bin\\npm-cli.js" "install" "--save" "react-native-progress-circlenpm" "install" "--save" "react-native-progress-circle"
24 verbose node v12.18.3
25 verbose npm  v6.14.6
26 error code E404
27 error 404 Not Found - GET https://registry.npmjs.org/react-native-progress-circlenpm - Not found
28 error 404
29 error 404 'react-native-progress-circlenpm@latest' is not in the npm registry.
30 error 404 You should bug the author to publish it (or use the name yourself!)
31 error 404 Note that you can also install from a
32 error 404 tarball, folder, http url, or git url.
33 verbose exit [ 1, true ]
